<?xml version="1.0" encoding="UTF-8"?>
<!-- Generated by org.testng.reporters.JUnitXMLReporter -->
<testsuite ignored="0" hostname="DESKTOP-767HIEB" failures="1" tests="11" name="Test" time="127.639" errors="0" timestamp="2023-08-07T18:59:14 IST">
  <testcase classname="com.learnAutomation.testcases.RegisterTest" name="signUpIntoApp" time="31.427">
    <failure type="org.openqa.selenium.TimeoutException" message="Expected condition failed: waiting for visibility of element located by By.xpath: //h2[text()=&amp;apos;Sign Up&amp;apos;] (tried for 30 second(s) with 500 milliseconds interval)
Build info: version: &amp;apos;4.8.3&amp;apos;, revision: &amp;apos;e5e76298c3&amp;apos;
System info: os.name: &amp;apos;Windows 10&amp;apos;, os.arch: &amp;apos;amd64&amp;apos;, os.version: &amp;apos;10.0&amp;apos;, java.version: &amp;apos;17.0.4.1&amp;apos;
Driver info: org.openqa.selenium.chrome.ChromeDriver
Capabilities {acceptInsecureCerts: false, browserName: chrome, browserVersion: 115.0.5790.111, chrome: {chromedriverVersion: 114.0.5735.90 (386bc09e8f4f..., userDataDir: C:\Users\DELL\AppData\Local...}, goog:chromeOptions: {debuggerAddress: localhost:62611}, networkConnectionEnabled: false, pageLoadStrategy: normal, platformName: WINDOWS, proxy: Proxy(), se:cdp: ws://localhost:62611/devtoo..., se:cdpVersion: 115.0.5790.111, setWindowRect: true, strictFileInteractability: false, timeouts: {implicit: 0, pageLoad: 300000, script: 30000}, unhandledPromptBehavior: dismiss and notify, webauthn:extension:credBlob: true, webauthn:extension:largeBlob: true, webauthn:extension:minPinLength: true, webauthn:extension:prf: true, webauthn:virtualAuthenticators: true}
Session ID: bc7da7b2c9867f8224b91089c6cd9207">
      <![CDATA[org.openqa.selenium.TimeoutException: Expected condition failed: waiting for visibility of element located by By.xpath: //h2[text()='Sign Up'] (tried for 30 second(s) with 500 milliseconds interval)
Build info: version: '4.8.3', revision: 'e5e76298c3'
System info: os.name: 'Windows 10', os.arch: 'amd64', os.version: '10.0', java.version: '17.0.4.1'
Driver info: org.openqa.selenium.chrome.ChromeDriver
Capabilities {acceptInsecureCerts: false, browserName: chrome, browserVersion: 115.0.5790.111, chrome: {chromedriverVersion: 114.0.5735.90 (386bc09e8f4f..., userDataDir: C:\Users\DELL\AppData\Local...}, goog:chromeOptions: {debuggerAddress: localhost:62611}, networkConnectionEnabled: false, pageLoadStrategy: normal, platformName: WINDOWS, proxy: Proxy(), se:cdp: ws://localhost:62611/devtoo..., se:cdpVersion: 115.0.5790.111, setWindowRect: true, strictFileInteractability: false, timeouts: {implicit: 0, pageLoad: 300000, script: 30000}, unhandledPromptBehavior: dismiss and notify, webauthn:extension:credBlob: true, webauthn:extension:largeBlob: true, webauthn:extension:minPinLength: true, webauthn:extension:prf: true, webauthn:virtualAuthenticators: true}
Session ID: bc7da7b2c9867f8224b91089c6cd9207
at org.openqa.selenium.support.ui.WebDriverWait.timeoutException(WebDriverWait.java:87)
at org.openqa.selenium.support.ui.FluentWait.until(FluentWait.java:231)
at com.learnautomation.pages.RegisterPage.createUser(RegisterPage.java:41)
at com.learnAutomation.testcases.RegisterTest.signUpIntoApp(RegisterTest.java:27)
at java.base/java.util.ArrayList.forEach(ArrayList.java:1511)
... Removed 27 stack frames]]>
    </failure>
  </testcase> <!-- signUpIntoApp -->
  <testcase classname="com.learnAutomation.testcases.LoginTest" name="loginToApp" time="3.872"/>
  <testcase classname="com.learnAutomation.testcases.SmokeTest" name="verifyURL" time="0.149"/>
  <testcase classname="com.learnAutomation.testcases.ManageCourseTest" name="loginToApp" time="3.666"/>
  <testcase classname="com.learnAutomation.testcases.ManageCourseTest" name="ManageCourseDetails" time="16.314"/>
  <testcase classname="com.learnAutomation.testcases.ManageCategoryTest" name="loginToApp" time="3.744"/>
  <testcase classname="com.learnAutomation.testcases.ManageCategoryTest" name="categoryManage" time="7.338"/>
  <testcase classname="com.learnAutomation.testcases.CourseEnrollTest" name="loginToApp" time="4.0"/>
  <testcase classname="com.learnAutomation.testcases.CourseEnrollTest" name="enrollCourse" time="27.654"/>
  <testcase classname="com.learnAutomation.testcases.SocialMediaCount" name="socialMediaCount" time="0.247"/>
  <testcase classname="com.learnAutomation.testcases.JDBCBasics" name="verifyDBRecords" time="0.786"/>
</testsuite> <!-- Test -->
